<?xml version="1.0" encoding="UTF-8"?>
<!-- Generated by org.testng.reporters.JUnitReportReporter -->
<testsuite skipped="0" hostname="DESKTOP-K83JH80" name="testngpack.Flag2" tests="3" failures="0" timestamp="2022-08-19T20:03:55 IST" time="0.010" errors="0">
  <testcase name="method1" time="0.005" classname="testngpack.Flag2"/>
  <system-out>
    <![CDATA[actiTime Valid]]>
  </system-out>
  <testcase name="method2" time="0.004" classname="testngpack.Flag2"/>
  <system-out>
    <![CDATA[ActiTime create user]]>
  </system-out>
  <testcase name="method3" time="0.001" classname="testngpack.Flag2"/>
  <system-out>
    <![CDATA[ActiTime create reports]]>
  </system-out>
</testsuite> <!-- testngpack.Flag2 -->
