<?xml version="1.0" encoding="UTF-8"?>
<!-- Generated by org.testng.reporters.JUnitReportReporter -->
<testsuite skipped="0" hostname="DESKTOP-K83JH80" name="testngpack.ActiTimeAssertion" tests="1" failures="0" timestamp="2022-08-25T15:22:30 IST" time="11.167" errors="0">
  <testcase name="ActitimeTest" time="11.167" classname="testngpack.ActiTimeAssertion"/>
  <system-out>
    <![CDATA[login page title is verified
username text box is displayed
pasword text box is displayed
login button  is displayed
Home page title is verified
create user
create reports]]>
  </system-out>
</testsuite> <!-- testngpack.ActiTimeAssertion -->
