<?xml version="1.0" encoding="UTF-8"?>
<!-- Generated by org.testng.reporters.JUnitReportReporter -->
<testsuite skipped="0" hostname="DESKTOP-K83JH80" name="testngpack.Remo" tests="1" failures="0" timestamp="2022-08-19T20:07:01 IST" time="0.002" errors="0">
  <testcase name="remoMethod" time="0.002" classname="testngpack.Remo"/>
  <system-out>
    <![CDATA[remo method executed]]>
  </system-out>
</testsuite> <!-- testngpack.Remo -->
