<?xml version="1.0" encoding="UTF-8"?>
<!-- Generated by org.testng.reporters.JUnitReportReporter -->
<testsuite skipped="0" hostname="DESKTOP-K83JH80" name="testngpack.DataproviderCode" tests="5" failures="0" timestamp="2022-08-27T11:48:41 IST" time="31.086" errors="0">
  <testcase name="testActiTimeValidLogin" time="11.697" classname="testngpack.DataproviderCode"/>
  <system-out/>
  <testcase name="testActiTimeValidLogin" time="4.512" classname="testngpack.DataproviderCode"/>
  <system-out/>
  <testcase name="testActiTimeValidLogin" time="5.455" classname="testngpack.DataproviderCode"/>
  <system-out/>
  <testcase name="testActiTimeValidLogin" time="4.834" classname="testngpack.DataproviderCode"/>
  <system-out/>
  <testcase name="testActiTimeValidLogin" time="4.588" classname="testngpack.DataproviderCode"/>
  <system-out/>
</testsuite> <!-- testngpack.DataproviderCode -->
