<?xml version="1.0" encoding="UTF-8"?>
<!-- Generated by org.testng.reporters.JUnitReportReporter -->
<testsuite skipped="0" hostname="DESKTOP-K83JH80" name="testngpack.Class3" tests="1" failures="0" timestamp="2022-08-27T12:34:23 IST" time="7.505" errors="0">
  <testcase name="launchGoogle1" time="7.505" classname="testngpack.Class3"/>
  <system-out/>
</testsuite> <!-- testngpack.Class3 -->
