<?xml version="1.0" encoding="UTF-8"?>
<!-- Generated by org.testng.reporters.JUnitReportReporter -->
<testsuite skipped="0" hostname="DESKTOP-K83JH80" name="testngpack.Class4" tests="1" failures="0" timestamp="2022-08-27T12:26:46 IST" time="19.377" errors="0">
  <testcase name="launchGoogle1" time="19.377" classname="testngpack.Class4"/>
  <system-out/>
</testsuite> <!-- testngpack.Class4 -->
