<?xml version="1.0" encoding="UTF-8"?>
<!-- Generated by org.testng.reporters.JUnitReportReporter -->
<testsuite skipped="0" hostname="DESKTOP-K83JH80" name="testngpack.Flag6" tests="6" failures="0" timestamp="2022-08-22T13:14:26 IST" time="0.034" errors="0">
  <testcase name="st3" time="0.003" classname="testngpack.Flag6"/>
  <system-out>
    <![CDATA[smoke test case 3]]>
  </system-out>
  <testcase name="it2" time="0.000" classname="testngpack.Flag6"/>
  <system-out>
    <![CDATA[integration test case 2]]>
  </system-out>
  <testcase name="st2" time="0.016" classname="testngpack.Flag6"/>
  <system-out>
    <![CDATA[smoke test case 2]]>
  </system-out>
  <testcase name="it3" time="0.000" classname="testngpack.Flag6"/>
  <system-out>
    <![CDATA[integration test case 3]]>
  </system-out>
  <testcase name="st1" time="0.000" classname="testngpack.Flag6"/>
  <system-out>
    <![CDATA[smoke test case 1]]>
  </system-out>
  <testcase name="it1" time="0.015" classname="testngpack.Flag6"/>
  <system-out>
    <![CDATA[integration test case 1]]>
  </system-out>
</testsuite> <!-- testngpack.Flag6 -->
