<?xml version="1.0" encoding="UTF-8"?>
<!-- Generated by org.testng.reporters.JUnitReportReporter -->
<testsuite skipped="0" hostname="DESKTOP-K83JH80" name="testngpack.ActiTimeTest" tests="3" failures="0" timestamp="2022-08-19T20:05:04 IST" time="0.005" errors="0">
  <testcase name="loginActiTime" time="0.001" classname="testngpack.ActiTimeTest"/>
  <system-out>
    <![CDATA[Login ActiTime]]>
  </system-out>
  <testcase name="createUserActiTime" time="0.001" classname="testngpack.ActiTimeTest"/>
  <system-out>
    <![CDATA[Create User ]]>
  </system-out>
  <testcase name="logoutActiTime" time="0.003" classname="testngpack.ActiTimeTest"/>
  <system-out>
    <![CDATA[logout Actitime ]]>
  </system-out>
</testsuite> <!-- testngpack.ActiTimeTest -->
