<?xml version="1.0" encoding="UTF-8"?>
<!-- Generated by org.testng.reporters.JUnitReportReporter -->
<testsuite skipped="0" hostname="DESKTOP-K83JH80" name="testngpack.Demo2" tests="1" failures="0" timestamp="2022-08-19T20:07:01 IST" time="0.002" errors="0">
  <testcase name="f" time="0.002" classname="testngpack.Demo2"/>
  <system-out>
    <![CDATA[Hi DD]]>
  </system-out>
</testsuite> <!-- testngpack.Demo2 -->
